<?xml version="1.0" encoding="UTF-8"?>
<!-- Generated by org.testng.reporters.JUnitXMLReporter -->
<testsuite ignored="0" hostname="USHYDPAVAMSHI1" failures="0" tests="4" name="Free CRM App Test Cases" time="95.424" errors="0" timestamp="2022-05-26T08:17:13 IST">
  <testcase classname="com.sample.tests.LoginPageTest" name="loginTest" time="10.315"/>
  <testcase classname="com.sample.tests.HomePageTest" name="verifyUserNameOnHomePage" time="0.009"/>
  <testcase classname="com.sample.tests.HomePageTest" name="addNewCardsToAccount" time="0.001"/>
  <testcase classname="com.sample.tests.HomePageTest" name="addNewCardsToAccount" time="0.0"/>
</testsuite> <!-- Free CRM App Test Cases -->
