<?xml version="1.0" encoding="UTF-8"?>
<!-- Generated by org.testng.reporters.JUnitXMLReporter -->
<testsuite ignored="0" hostname="USHYDPAVAMSHI1" failures="1" tests="5" name="Default test" time="282.154" errors="0" timestamp="2022-06-06T20:27:56 IST">
  <testcase classname="com.sample.tests.HomePageTest" name="verifyUserNameOnHomePage" time="1.235"/>
  <testcase classname="com.sample.tests.HomePageTest" name="searchforParticularItem" time="69.195">
    <failure type="com.microsoft.playwright.TimeoutError" message="Error {
  message=&amp;apos;Timeout 30000ms exceeded.
=========================== logs ===========================
waiting for selector &amp;quot;(//span[contains (text(), &amp;apos;IFB&amp;apos;) and contains (text(), &amp;apos;8 Kg&amp;apos;) and  contains (text(), &amp;apos;5 Star&amp;apos;)]/parent::a)[1]&amp;quot;
  selector resolved to hidden &amp;lt;a data-action=&amp;quot;update&amp;quot; class=&amp;quot;a-button-text&amp;quot; href=…&amp;gt;…&amp;lt;/a&amp;gt;
attempting hover action
  waiting for element to be visible and stable
    element is not visible - waiting...
============================================================
  name=&amp;apos;TimeoutError
  stack=&amp;apos;TimeoutError: Timeout 30000ms exceeded.
=========================== logs ===========================
waiting for selector &amp;quot;(//span[contains (text(), &amp;apos;IFB&amp;apos;) and contains (text(), &amp;apos;8 Kg&amp;apos;) and  contains (text(), &amp;apos;5 Star&amp;apos;)]/parent::a)[1]&amp;quot;
  selector resolved to hidden &amp;lt;a data-action=&amp;quot;update&amp;quot; class=&amp;quot;a-button-text&amp;quot; href=…&amp;gt;…&amp;lt;/a&amp;gt;
attempting hover action
  waiting for element to be visible and stable
    element is not visible - waiting...
============================================================
    at ProgressController.run (/private/var/folders/l2/9v56c6v154x82mybr69_ksnc0000gn/T/playwright-java-8824228509888362309/package/lib/server/progress.js:96:26)
    at Frame.hover (/private/var/folders/l2/9v56c6v154x82mybr69_ksnc0000gn/T/playwright-java-8824228509888362309/package/lib/server/frames.js:1207:23)
    at FrameDispatcher.hover (/private/var/folders/l2/9v56c6v154x82mybr69_ksnc0000gn/T/playwright-java-8824228509888362309/package/lib/dispatchers/frameDispatcher.js:252:30)
    at DispatcherConnection.dispatch (/private/var/folders/l2/9v56c6v154x82mybr69_ksnc0000gn/T/playwright-java-8824228509888362309/package/lib/dispatchers/dispatcher.js:352:46)
}">
      <![CDATA[com.microsoft.playwright.TimeoutError: Error {
  message='Timeout 30000ms exceeded.
=========================== logs ===========================
waiting for selector "(//span[contains (text(), 'IFB') and contains (text(), '8 Kg') and  contains (text(), '5 Star')]/parent::a)[1]"
  selector resolved to hidden <a data-action="update" class="a-button-text" href=…>…</a>
attempting hover action
  waiting for element to be visible and stable
    element is not visible - waiting...
============================================================
  name='TimeoutError
  stack='TimeoutError: Timeout 30000ms exceeded.
=========================== logs ===========================
waiting for selector "(//span[contains (text(), 'IFB') and contains (text(), '8 Kg') and  contains (text(), '5 Star')]/parent::a)[1]"
  selector resolved to hidden <a data-action="update" class="a-button-text" href=…>…</a>
attempting hover action
  waiting for element to be visible and stable
    element is not visible - waiting...
============================================================
    at ProgressController.run (/private/var/folders/l2/9v56c6v154x82mybr69_ksnc0000gn/T/playwright-java-8824228509888362309/package/lib/server/progress.js:96:26)
    at Frame.hover (/private/var/folders/l2/9v56c6v154x82mybr69_ksnc0000gn/T/playwright-java-8824228509888362309/package/lib/server/frames.js:1207:23)
    at FrameDispatcher.hover (/private/var/folders/l2/9v56c6v154x82mybr69_ksnc0000gn/T/playwright-java-8824228509888362309/package/lib/dispatchers/frameDispatcher.js:252:30)
    at DispatcherConnection.dispatch (/private/var/folders/l2/9v56c6v154x82mybr69_ksnc0000gn/T/playwright-java-8824228509888362309/package/lib/dispatchers/dispatcher.js:352:46)
}
at com.microsoft.playwright.impl.WaitableResult.get(WaitableResult.java:52)
at com.microsoft.playwright.impl.ChannelOwner.runUntil(ChannelOwner.java:103)
at com.microsoft.playwright.impl.Connection.sendMessage(Connection.java:115)
at com.microsoft.playwright.impl.ChannelOwner.sendMessage(ChannelOwner.java:94)
at com.microsoft.playwright.impl.FrameImpl.hoverImpl(FrameImpl.java:420)
at com.microsoft.playwright.impl.PageImpl.lambda$hover$33(PageImpl.java:808)
at com.microsoft.playwright.impl.LoggingSupport.lambda$withLogging$0(LoggingSupport.java:36)
at com.microsoft.playwright.impl.LoggingSupport.withLogging(LoggingSupport.java:47)
at com.microsoft.playwright.impl.ChannelOwner.withLogging(ChannelOwner.java:79)
at com.microsoft.playwright.impl.LoggingSupport.withLogging(LoggingSupport.java:35)
at com.microsoft.playwright.impl.PageImpl.hover(PageImpl.java:807)
at com.microsoft.playwright.Page.hover(Page.java:4160)
at com.sample.pages.HomePage.clickRequiredItem(HomePage.java:74)
at com.sample.tests.HomePageTest.searchforParticularItem(HomePageTest.java:62)
at java.base/jdk.internal.reflect.NativeMethodAccessorImpl.invoke0(Native Method)
at java.base/jdk.internal.reflect.NativeMethodAccessorImpl.invoke(NativeMethodAccessorImpl.java:64)
at java.base/jdk.internal.reflect.DelegatingMethodAccessorImpl.invoke(DelegatingMethodAccessorImpl.java:43)
at java.base/java.lang.reflect.Method.invoke(Method.java:564)
at org.testng.internal.MethodInvocationHelper.invokeMethod(MethodInvocationHelper.java:133)
at org.testng.internal.TestInvoker.invokeMethod(TestInvoker.java:598)
at org.testng.internal.TestInvoker.invokeTestMethod(TestInvoker.java:173)
at org.testng.internal.MethodRunner.runInSequence(MethodRunner.java:46)
at org.testng.internal.TestInvoker$MethodInvocationAgent.invoke(TestInvoker.java:824)
at org.testng.internal.TestInvoker.invokeTestMethods(TestInvoker.java:146)
at org.testng.internal.TestMethodWorker.invokeTestMethods(TestMethodWorker.java:146)
at org.testng.internal.TestMethodWorker.run(TestMethodWorker.java:128)
at java.base/java.util.ArrayList.forEach(ArrayList.java:1511)
at org.testng.TestRunner.privateRun(TestRunner.java:794)
at org.testng.TestRunner.run(TestRunner.java:596)
at org.testng.SuiteRunner.runTest(SuiteRunner.java:377)
at org.testng.SuiteRunner.runSequentially(SuiteRunner.java:371)
at org.testng.SuiteRunner.privateRun(SuiteRunner.java:332)
at org.testng.SuiteRunner.run(SuiteRunner.java:276)
at org.testng.SuiteRunnerWorker.runSuite(SuiteRunnerWorker.java:53)
at org.testng.SuiteRunnerWorker.run(SuiteRunnerWorker.java:96)
at org.testng.TestNG.runSuitesSequentially(TestNG.java:1212)
at org.testng.TestNG.runSuitesLocally(TestNG.java:1134)
at org.testng.TestNG.runSuites(TestNG.java:1063)
at org.testng.TestNG.run(TestNG.java:1031)
at org.testng.remote.AbstractRemoteTestNG.run(AbstractRemoteTestNG.java:115)
at org.testng.remote.RemoteTestNG.initAndRun(RemoteTestNG.java:251)
at org.testng.remote.RemoteTestNG.main(RemoteTestNG.java:77)
Caused by: com.microsoft.playwright.TimeoutError: Error {
  message='Timeout 30000ms exceeded.
=========================== logs ===========================
waiting for selector "(//span[contains (text(), 'IFB') and contains (text(), '8 Kg') and  contains (text(), '5 Star')]/parent::a)[1]"
  selector resolved to hidden <a data-action="update" class="a-button-text" href=…>…</a>
attempting hover action
  waiting for element to be visible and stable
    element is not visible - waiting...
============================================================
  name='TimeoutError
  stack='TimeoutError: Timeout 30000ms exceeded.
=========================== logs ===========================
waiting for selector "(//span[contains (text(), 'IFB') and contains (text(), '8 Kg') and  contains (text(), '5 Star')]/parent::a)[1]"
  selector resolved to hidden <a data-action="update" class="a-button-text" href=…>…</a>
attempting hover action
  waiting for element to be visible and stable
    element is not visible - waiting...
============================================================
    at ProgressController.run (/private/var/folders/l2/9v56c6v154x82mybr69_ksnc0000gn/T/playwright-java-8824228509888362309/package/lib/server/progress.js:96:26)
    at Frame.hover (/private/var/folders/l2/9v56c6v154x82mybr69_ksnc0000gn/T/playwright-java-8824228509888362309/package/lib/server/frames.js:1207:23)
    at FrameDispatcher.hover (/private/var/folders/l2/9v56c6v154x82mybr69_ksnc0000gn/T/playwright-java-8824228509888362309/package/lib/dispatchers/frameDispatcher.js:252:30)
    at DispatcherConnection.dispatch (/private/var/folders/l2/9v56c6v154x82mybr69_ksnc0000gn/T/playwright-java-8824228509888362309/package/lib/dispatchers/dispatcher.js:352:46)
}
at com.microsoft.playwright.impl.Connection.dispatch(Connection.java:226)
at com.microsoft.playwright.impl.Connection.processOneMessage(Connection.java:208)
at com.microsoft.playwright.impl.ChannelOwner.runUntil(ChannelOwner.java:101)
... 40 more
]]>
    </failure>
  </testcase> <!-- searchforParticularItem -->
  <testcase classname="com.sample.tests.HomePageTest" name="searchforParticularItem" time="85.751"/>
  <testcase classname="com.sample.tests.HomePageTest" name="verifyItemAddedToCart" time="12.762"/>
  <testcase classname="com.sample.tests.HomePageTest" name="verifyItemAddedToCart" time="12.828"/>
</testsuite> <!-- Default test -->
