<?xml version="1.0" encoding="UTF-8"?>
<!-- Generated by org.testng.reporters.JUnitXMLReporter -->
<testsuite ignored="0" hostname="USHYDPAVAMSHI1" failures="2" tests="6" name="Amazon Test Cases" time="354.462" errors="0" timestamp="2022-06-01T14:50:12 IST">
  <testcase classname="com.sample.tests.HomePageTest" name="verifyUserNameOnHomePage" time="0.026"/>
  <testcase classname="com.sample.tests.HomePageTest" name="addNewCardsToAccount" time="0.001"/>
  <testcase classname="com.sample.tests.HomePageTest" name="addNewCardsToAccount" time="0.0"/>
  <testcase classname="com.sample.tests.HomePageTest" name="searchforParticularItem" time="76.493"/>
  <testcase classname="com.sample.tests.HomePageTest" name="addPayementOptions" time="123.022">
    <failure type="com.microsoft.playwright.TimeoutError" message="Error {
  message=&amp;apos;Timeout 30000ms exceeded.
=========================== logs ===========================
  waiting for frame &amp;quot;.apx-secure-iframe&amp;quot;
============================================================
  name=&amp;apos;TimeoutError
  stack=&amp;apos;TimeoutError: Timeout 30000ms exceeded.
=========================== logs ===========================
  waiting for frame &amp;quot;.apx-secure-iframe&amp;quot;
============================================================
    at ProgressController.run (/private/var/folders/l2/9v56c6v154x82mybr69_ksnc0000gn/T/playwright-java-8316173797944502964/package/lib/server/progress.js:96:26)
    at Frame.click (/private/var/folders/l2/9v56c6v154x82mybr69_ksnc0000gn/T/playwright-java-8316173797944502964/package/lib/server/frames.js:1078:23)
    at FrameDispatcher.click (/private/var/folders/l2/9v56c6v154x82mybr69_ksnc0000gn/T/playwright-java-8316173797944502964/package/lib/dispatchers/frameDispatcher.js:159:30)
    at DispatcherConnection.dispatch (/private/var/folders/l2/9v56c6v154x82mybr69_ksnc0000gn/T/playwright-java-8316173797944502964/package/lib/dispatchers/dispatcher.js:352:46)
}">
      <![CDATA[com.microsoft.playwright.TimeoutError: Error {
  message='Timeout 30000ms exceeded.
=========================== logs ===========================
  waiting for frame ".apx-secure-iframe"
============================================================
  name='TimeoutError
  stack='TimeoutError: Timeout 30000ms exceeded.
=========================== logs ===========================
  waiting for frame ".apx-secure-iframe"
============================================================
    at ProgressController.run (/private/var/folders/l2/9v56c6v154x82mybr69_ksnc0000gn/T/playwright-java-8316173797944502964/package/lib/server/progress.js:96:26)
    at Frame.click (/private/var/folders/l2/9v56c6v154x82mybr69_ksnc0000gn/T/playwright-java-8316173797944502964/package/lib/server/frames.js:1078:23)
    at FrameDispatcher.click (/private/var/folders/l2/9v56c6v154x82mybr69_ksnc0000gn/T/playwright-java-8316173797944502964/package/lib/dispatchers/frameDispatcher.js:159:30)
    at DispatcherConnection.dispatch (/private/var/folders/l2/9v56c6v154x82mybr69_ksnc0000gn/T/playwright-java-8316173797944502964/package/lib/dispatchers/dispatcher.js:352:46)
}
at com.microsoft.playwright.impl.WaitableResult.get(WaitableResult.java:52)
at com.microsoft.playwright.impl.ChannelOwner.runUntil(ChannelOwner.java:103)
at com.microsoft.playwright.impl.Connection.sendMessage(Connection.java:115)
at com.microsoft.playwright.impl.ChannelOwner.sendMessage(ChannelOwner.java:94)
at com.microsoft.playwright.impl.FrameImpl.clickImpl(FrameImpl.java:255)
at com.microsoft.playwright.impl.FrameImpl.lambda$click$9(FrameImpl.java:246)
at com.microsoft.playwright.impl.LoggingSupport.lambda$withLogging$0(LoggingSupport.java:36)
at com.microsoft.playwright.impl.LoggingSupport.withLogging(LoggingSupport.java:47)
at com.microsoft.playwright.impl.ChannelOwner.withLogging(ChannelOwner.java:79)
at com.microsoft.playwright.impl.LoggingSupport.withLogging(LoggingSupport.java:35)
at com.microsoft.playwright.impl.FrameImpl.click(FrameImpl.java:246)
at com.microsoft.playwright.impl.LocatorImpl.click(LocatorImpl.java:75)
at com.microsoft.playwright.Locator.click(Locator.java:1507)
at com.sample.pages.HomePage.enterCreditDebitCardDetails(HomePage.java:127)
at com.sample.tests.HomePageTest.addPayementOptions(HomePageTest.java:64)
at java.base/java.util.ArrayList.forEach(ArrayList.java:1511)
Caused by: com.microsoft.playwright.TimeoutError: Error {
  message='Timeout 30000ms exceeded.
=========================== logs ===========================
  waiting for frame ".apx-secure-iframe"
============================================================
  name='TimeoutError
  stack='TimeoutError: Timeout 30000ms exceeded.
=========================== logs ===========================
  waiting for frame ".apx-secure-iframe"
============================================================
    at ProgressController.run (/private/var/folders/l2/9v56c6v154x82mybr69_ksnc0000gn/T/playwright-java-8316173797944502964/package/lib/server/progress.js:96:26)
    at Frame.click (/private/var/folders/l2/9v56c6v154x82mybr69_ksnc0000gn/T/playwright-java-8316173797944502964/package/lib/server/frames.js:1078:23)
    at FrameDispatcher.click (/private/var/folders/l2/9v56c6v154x82mybr69_ksnc0000gn/T/playwright-java-8316173797944502964/package/lib/dispatchers/frameDispatcher.js:159:30)
    at DispatcherConnection.dispatch (/private/var/folders/l2/9v56c6v154x82mybr69_ksnc0000gn/T/playwright-java-8316173797944502964/package/lib/dispatchers/dispatcher.js:352:46)
}
at com.microsoft.playwright.impl.Connection.dispatch(Connection.java:226)
at com.microsoft.playwright.impl.Connection.processOneMessage(Connection.java:208)
at com.microsoft.playwright.impl.ChannelOwner.runUntil(ChannelOwner.java:101)
... 41 more
... Removed 27 stack frames]]>
    </failure>
  </testcase> <!-- addPayementOptions -->
  <testcase classname="com.sample.tests.HomePageTest" name="verifyItemAddedToCart" time="90.019">
    <failure type="com.microsoft.playwright.TimeoutError" message="Error {
  message=&amp;apos;Timeout 30000ms exceeded.
=========================== logs ===========================
waiting for selector &amp;quot;(//span[contains (text(), &amp;apos;Apple iPhone 13 Mini&amp;apos;) and contains (text(), &amp;apos;128GB&amp;apos;) and  contains (text(), &amp;apos;Midnight&amp;apos;)]/ancestor::div[@class=&amp;apos;sc-list-item-content&amp;apos;]/div/div/label/i)[1]&amp;quot;
============================================================
  name=&amp;apos;TimeoutError
  stack=&amp;apos;TimeoutError: Timeout 30000ms exceeded.
=========================== logs ===========================
waiting for selector &amp;quot;(//span[contains (text(), &amp;apos;Apple iPhone 13 Mini&amp;apos;) and contains (text(), &amp;apos;128GB&amp;apos;) and  contains (text(), &amp;apos;Midnight&amp;apos;)]/ancestor::div[@class=&amp;apos;sc-list-item-content&amp;apos;]/div/div/label/i)[1]&amp;quot;
============================================================
    at ProgressController.run (/private/var/folders/l2/9v56c6v154x82mybr69_ksnc0000gn/T/playwright-java-8316173797944502964/package/lib/server/progress.js:96:26)
    at Frame.click (/private/var/folders/l2/9v56c6v154x82mybr69_ksnc0000gn/T/playwright-java-8316173797944502964/package/lib/server/frames.js:1078:23)
    at FrameDispatcher.click (/private/var/folders/l2/9v56c6v154x82mybr69_ksnc0000gn/T/playwright-java-8316173797944502964/package/lib/dispatchers/frameDispatcher.js:159:30)
    at DispatcherConnection.dispatch (/private/var/folders/l2/9v56c6v154x82mybr69_ksnc0000gn/T/playwright-java-8316173797944502964/package/lib/dispatchers/dispatcher.js:352:46)
}">
      <![CDATA[com.microsoft.playwright.TimeoutError: Error {
  message='Timeout 30000ms exceeded.
=========================== logs ===========================
waiting for selector "(//span[contains (text(), 'Apple iPhone 13 Mini') and contains (text(), '128GB') and  contains (text(), 'Midnight')]/ancestor::div[@class='sc-list-item-content']/div/div/label/i)[1]"
============================================================
  name='TimeoutError
  stack='TimeoutError: Timeout 30000ms exceeded.
=========================== logs ===========================
waiting for selector "(//span[contains (text(), 'Apple iPhone 13 Mini') and contains (text(), '128GB') and  contains (text(), 'Midnight')]/ancestor::div[@class='sc-list-item-content']/div/div/label/i)[1]"
============================================================
    at ProgressController.run (/private/var/folders/l2/9v56c6v154x82mybr69_ksnc0000gn/T/playwright-java-8316173797944502964/package/lib/server/progress.js:96:26)
    at Frame.click (/private/var/folders/l2/9v56c6v154x82mybr69_ksnc0000gn/T/playwright-java-8316173797944502964/package/lib/server/frames.js:1078:23)
    at FrameDispatcher.click (/private/var/folders/l2/9v56c6v154x82mybr69_ksnc0000gn/T/playwright-java-8316173797944502964/package/lib/dispatchers/frameDispatcher.js:159:30)
    at DispatcherConnection.dispatch (/private/var/folders/l2/9v56c6v154x82mybr69_ksnc0000gn/T/playwright-java-8316173797944502964/package/lib/dispatchers/dispatcher.js:352:46)
}
at com.microsoft.playwright.impl.WaitableResult.get(WaitableResult.java:52)
at com.microsoft.playwright.impl.ChannelOwner.runUntil(ChannelOwner.java:103)
at com.microsoft.playwright.impl.Connection.sendMessage(Connection.java:115)
at com.microsoft.playwright.impl.ChannelOwner.sendMessage(ChannelOwner.java:94)
at com.microsoft.playwright.impl.FrameImpl.clickImpl(FrameImpl.java:255)
at com.microsoft.playwright.impl.PageImpl.lambda$click$17(PageImpl.java:627)
at com.microsoft.playwright.impl.LoggingSupport.lambda$withLogging$0(LoggingSupport.java:36)
at com.microsoft.playwright.impl.LoggingSupport.withLogging(LoggingSupport.java:47)
at com.microsoft.playwright.impl.ChannelOwner.withLogging(ChannelOwner.java:79)
at com.microsoft.playwright.impl.LoggingSupport.withLogging(LoggingSupport.java:35)
at com.microsoft.playwright.impl.PageImpl.click(PageImpl.java:626)
at com.microsoft.playwright.Page.click(Page.java:3185)
at com.sample.pages.HomePage.verifyDevicePresentInCart(HomePage.java:160)
at com.sample.tests.HomePageTest.verifyItemAddedToCart(HomePageTest.java:71)
at java.base/java.util.ArrayList.forEach(ArrayList.java:1511)
Caused by: com.microsoft.playwright.TimeoutError: Error {
  message='Timeout 30000ms exceeded.
=========================== logs ===========================
waiting for selector "(//span[contains (text(), 'Apple iPhone 13 Mini') and contains (text(), '128GB') and  contains (text(), 'Midnight')]/ancestor::div[@class='sc-list-item-content']/div/div/label/i)[1]"
============================================================
  name='TimeoutError
  stack='TimeoutError: Timeout 30000ms exceeded.
=========================== logs ===========================
waiting for selector "(//span[contains (text(), 'Apple iPhone 13 Mini') and contains (text(), '128GB') and  contains (text(), 'Midnight')]/ancestor::div[@class='sc-list-item-content']/div/div/label/i)[1]"
============================================================
    at ProgressController.run (/private/var/folders/l2/9v56c6v154x82mybr69_ksnc0000gn/T/playwright-java-8316173797944502964/package/lib/server/progress.js:96:26)
    at Frame.click (/private/var/folders/l2/9v56c6v154x82mybr69_ksnc0000gn/T/playwright-java-8316173797944502964/package/lib/server/frames.js:1078:23)
    at FrameDispatcher.click (/private/var/folders/l2/9v56c6v154x82mybr69_ksnc0000gn/T/playwright-java-8316173797944502964/package/lib/dispatchers/frameDispatcher.js:159:30)
    at DispatcherConnection.dispatch (/private/var/folders/l2/9v56c6v154x82mybr69_ksnc0000gn/T/playwright-java-8316173797944502964/package/lib/dispatchers/dispatcher.js:352:46)
}
at com.microsoft.playwright.impl.Connection.dispatch(Connection.java:226)
at com.microsoft.playwright.impl.Connection.processOneMessage(Connection.java:208)
at com.microsoft.playwright.impl.ChannelOwner.runUntil(ChannelOwner.java:101)
... 40 more
... Removed 27 stack frames]]>
    </failure>
  </testcase> <!-- verifyItemAddedToCart -->
</testsuite> <!-- Amazon Test Cases -->
