<?xml version="1.0" encoding="UTF-8"?>
<!-- Generated by org.testng.reporters.JUnitXMLReporter -->
<testsuite ignored="0" hostname="USHYDPAVAMSHI1" failures="0" tests="7" name="Amazon Test Cases" time="196.044" errors="0" timestamp="2022-06-15T08:39:35 IST">
  <testcase classname="com.sample.tests.HomePageTest" name="verifyUserNameOnHomePage" time="0.846"/>
  <testcase classname="com.sample.tests.HomePageTest" name="searchforParticularItem" time="32.946"/>
  <testcase classname="com.sample.tests.HomePageTest" name="searchforParticularItem" time="59.309"/>
  <testcase classname="com.sample.tests.HomePageTest" name="addPayementOptions" time="30.536"/>
  <testcase classname="com.sample.tests.HomePageTest" name="deselectItems" time="6.565"/>
  <testcase classname="com.sample.tests.HomePageTest" name="verifyItemAddedToCart" time="4.416"/>
  <testcase classname="com.sample.tests.HomePageTest" name="verifyItemAddedToCart" time="4.391"/>
</testsuite> <!-- Amazon Test Cases -->
