<?xml version="1.0" encoding="UTF-8"?>
<testsuite name="Amazon Test Cases"
           tests="7"
           failures="0"
           errors="0"
           skipped="0"
           time="139.009">
    <properties></properties>



            <testcase
                name="verifyUserNameOnHomePage"
                time="0.846"
                classname="com.sample.tests.HomePageTest">
            </testcase>
            <testcase
                name="addPayementOptions"
                time="30.536"
                classname="com.sample.tests.HomePageTest">
            </testcase>
            <testcase
                name="verifyItemAddedToCart"
                time="4.391"
                classname="com.sample.tests.HomePageTest">
            </testcase>
            <testcase
                name="deselectItems"
                time="6.565"
                classname="com.sample.tests.HomePageTest">
            </testcase>
            <testcase
                name="searchforParticularItem"
                time="59.309"
                classname="com.sample.tests.HomePageTest">
            </testcase>
            <testcase
                name="verifyItemAddedToCart"
                time="4.416"
                classname="com.sample.tests.HomePageTest">
            </testcase>
            <testcase
                name="searchforParticularItem"
                time="32.946"
                classname="com.sample.tests.HomePageTest">
            </testcase>
</testsuite>
