<?xml version="1.0" encoding="UTF-8"?>
<testng-results ignored="0" total="5" passed="4" failed="1" skipped="0">
  <reporter-output>
  </reporter-output>
  <suite started-at="2022-06-06T20:23:09 IST" name="Default suite" finished-at="2022-06-06T20:27:51 IST" duration-ms="282154">
    <groups>
    </groups>
    <test started-at="2022-06-06T20:23:09 IST" name="Default test" finished-at="2022-06-06T20:27:51 IST" duration-ms="282154">
      <class name="com.sample.tests.HomePageTest">
        <test-method is-config="true" signature="browserStart()[pri:0, instance:com.sample.tests.HomePageTest@6f96c77]" started-at="2022-06-06T20:23:09 IST" name="browserStart" finished-at="2022-06-06T20:23:59 IST" duration-ms="50699" status="PASS">
          <reporter-output>
          </reporter-output>
        </test-method> <!-- browserStart -->
        <test-method signature="verifyUserNameOnHomePage()[pri:1, instance:com.sample.tests.HomePageTest@6f96c77]" started-at="2022-06-06T20:23:59 IST" name="verifyUserNameOnHomePage" finished-at="2022-06-06T20:24:01 IST" duration-ms="1235" status="PASS">
          <reporter-output>
          </reporter-output>
        </test-method> <!-- verifyUserNameOnHomePage -->
        <test-method signature="searchforParticularItem(java.lang.String,java.lang.String,java.lang.String,java.lang.String)[pri:2, instance:com.sample.tests.HomePageTest@6f96c77]" started-at="2022-06-06T20:24:03 IST" name="searchforParticularItem" data-provider="getCRMTestData" finished-at="2022-06-06T20:25:13 IST" duration-ms="69195" status="FAIL">
          <params>
            <param index="0">
              <value>
                <![CDATA[ifb washing machine]]>
              </value>
            </param>
            <param index="1">
              <value>
                <![CDATA[IFB]]>
              </value>
            </param>
            <param index="2">
              <value>
                <![CDATA[8 Kg]]>
              </value>
            </param>
            <param index="3">
              <value>
                <![CDATA[5 Star]]>
              </value>
            </param>
          </params>
          <exception class="com.microsoft.playwright.TimeoutError">
            <message>
              <![CDATA[Error {
  message='Timeout 30000ms exceeded.
=========================== logs ===========================
waiting for selector "(//span[contains (text(), 'IFB') and contains (text(), '8 Kg') and  contains (text(), '5 Star')]/parent::a)[1]"
  selector resolved to hidden <a data-action="update" class="a-button-text" href=…>…</a>
attempting hover action
  waiting for element to be visible and stable
    element is not visible - waiting...
============================================================
  name='TimeoutError
  stack='TimeoutError: Timeout 30000ms exceeded.
=========================== logs ===========================
waiting for selector "(//span[contains (text(), 'IFB') and contains (text(), '8 Kg') and  contains (text(), '5 Star')]/parent::a)[1]"
  selector resolved to hidden <a data-action="update" class="a-button-text" href=…>…</a>
attempting hover action
  waiting for element to be visible and stable
    element is not visible - waiting...
============================================================
    at ProgressController.run (/private/var/folders/l2/9v56c6v154x82mybr69_ksnc0000gn/T/playwright-java-8824228509888362309/package/lib/server/progress.js:96:26)
    at Frame.hover (/private/var/folders/l2/9v56c6v154x82mybr69_ksnc0000gn/T/playwright-java-8824228509888362309/package/lib/server/frames.js:1207:23)
    at FrameDispatcher.hover (/private/var/folders/l2/9v56c6v154x82mybr69_ksnc0000gn/T/playwright-java-8824228509888362309/package/lib/dispatchers/frameDispatcher.js:252:30)
    at DispatcherConnection.dispatch (/private/var/folders/l2/9v56c6v154x82mybr69_ksnc0000gn/T/playwright-java-8824228509888362309/package/lib/dispatchers/dispatcher.js:352:46)
}]]>
            </message>
            <full-stacktrace>
              <![CDATA[com.microsoft.playwright.TimeoutError: Error {
  message='Timeout 30000ms exceeded.
=========================== logs ===========================
waiting for selector "(//span[contains (text(), 'IFB') and contains (text(), '8 Kg') and  contains (text(), '5 Star')]/parent::a)[1]"
  selector resolved to hidden <a data-action="update" class="a-button-text" href=…>…</a>
attempting hover action
  waiting for element to be visible and stable
    element is not visible - waiting...
============================================================
  name='TimeoutError
  stack='TimeoutError: Timeout 30000ms exceeded.
=========================== logs ===========================
waiting for selector "(//span[contains (text(), 'IFB') and contains (text(), '8 Kg') and  contains (text(), '5 Star')]/parent::a)[1]"
  selector resolved to hidden <a data-action="update" class="a-button-text" href=…>…</a>
attempting hover action
  waiting for element to be visible and stable
    element is not visible - waiting...
============================================================
    at ProgressController.run (/private/var/folders/l2/9v56c6v154x82mybr69_ksnc0000gn/T/playwright-java-8824228509888362309/package/lib/server/progress.js:96:26)
    at Frame.hover (/private/var/folders/l2/9v56c6v154x82mybr69_ksnc0000gn/T/playwright-java-8824228509888362309/package/lib/server/frames.js:1207:23)
    at FrameDispatcher.hover (/private/var/folders/l2/9v56c6v154x82mybr69_ksnc0000gn/T/playwright-java-8824228509888362309/package/lib/dispatchers/frameDispatcher.js:252:30)
    at DispatcherConnection.dispatch (/private/var/folders/l2/9v56c6v154x82mybr69_ksnc0000gn/T/playwright-java-8824228509888362309/package/lib/dispatchers/dispatcher.js:352:46)
}
at com.microsoft.playwright.impl.WaitableResult.get(WaitableResult.java:52)
at com.microsoft.playwright.impl.ChannelOwner.runUntil(ChannelOwner.java:103)
at com.microsoft.playwright.impl.Connection.sendMessage(Connection.java:115)
at com.microsoft.playwright.impl.ChannelOwner.sendMessage(ChannelOwner.java:94)
at com.microsoft.playwright.impl.FrameImpl.hoverImpl(FrameImpl.java:420)
at com.microsoft.playwright.impl.PageImpl.lambda$hover$33(PageImpl.java:808)
at com.microsoft.playwright.impl.LoggingSupport.lambda$withLogging$0(LoggingSupport.java:36)
at com.microsoft.playwright.impl.LoggingSupport.withLogging(LoggingSupport.java:47)
at com.microsoft.playwright.impl.ChannelOwner.withLogging(ChannelOwner.java:79)
at com.microsoft.playwright.impl.LoggingSupport.withLogging(LoggingSupport.java:35)
at com.microsoft.playwright.impl.PageImpl.hover(PageImpl.java:807)
at com.microsoft.playwright.Page.hover(Page.java:4160)
at com.sample.pages.HomePage.clickRequiredItem(HomePage.java:74)
at com.sample.tests.HomePageTest.searchforParticularItem(HomePageTest.java:62)
at java.base/jdk.internal.reflect.NativeMethodAccessorImpl.invoke0(Native Method)
at java.base/jdk.internal.reflect.NativeMethodAccessorImpl.invoke(NativeMethodAccessorImpl.java:64)
at java.base/jdk.internal.reflect.DelegatingMethodAccessorImpl.invoke(DelegatingMethodAccessorImpl.java:43)
at java.base/java.lang.reflect.Method.invoke(Method.java:564)
at org.testng.internal.MethodInvocationHelper.invokeMethod(MethodInvocationHelper.java:133)
at org.testng.internal.TestInvoker.invokeMethod(TestInvoker.java:598)
at org.testng.internal.TestInvoker.invokeTestMethod(TestInvoker.java:173)
at org.testng.internal.MethodRunner.runInSequence(MethodRunner.java:46)
at org.testng.internal.TestInvoker$MethodInvocationAgent.invoke(TestInvoker.java:824)
at org.testng.internal.TestInvoker.invokeTestMethods(TestInvoker.java:146)
at org.testng.internal.TestMethodWorker.invokeTestMethods(TestMethodWorker.java:146)
at org.testng.internal.TestMethodWorker.run(TestMethodWorker.java:128)
at java.base/java.util.ArrayList.forEach(ArrayList.java:1511)
at org.testng.TestRunner.privateRun(TestRunner.java:794)
at org.testng.TestRunner.run(TestRunner.java:596)
at org.testng.SuiteRunner.runTest(SuiteRunner.java:377)
at org.testng.SuiteRunner.runSequentially(SuiteRunner.java:371)
at org.testng.SuiteRunner.privateRun(SuiteRunner.java:332)
at org.testng.SuiteRunner.run(SuiteRunner.java:276)
at org.testng.SuiteRunnerWorker.runSuite(SuiteRunnerWorker.java:53)
at org.testng.SuiteRunnerWorker.run(SuiteRunnerWorker.java:96)
at org.testng.TestNG.runSuitesSequentially(TestNG.java:1212)
at org.testng.TestNG.runSuitesLocally(TestNG.java:1134)
at org.testng.TestNG.runSuites(TestNG.java:1063)
at org.testng.TestNG.run(TestNG.java:1031)
at org.testng.remote.AbstractRemoteTestNG.run(AbstractRemoteTestNG.java:115)
at org.testng.remote.RemoteTestNG.initAndRun(RemoteTestNG.java:251)
at org.testng.remote.RemoteTestNG.main(RemoteTestNG.java:77)
Caused by: com.microsoft.playwright.TimeoutError: Error {
  message='Timeout 30000ms exceeded.
=========================== logs ===========================
waiting for selector "(//span[contains (text(), 'IFB') and contains (text(), '8 Kg') and  contains (text(), '5 Star')]/parent::a)[1]"
  selector resolved to hidden <a data-action="update" class="a-button-text" href=…>…</a>
attempting hover action
  waiting for element to be visible and stable
    element is not visible - waiting...
============================================================
  name='TimeoutError
  stack='TimeoutError: Timeout 30000ms exceeded.
=========================== logs ===========================
waiting for selector "(//span[contains (text(), 'IFB') and contains (text(), '8 Kg') and  contains (text(), '5 Star')]/parent::a)[1]"
  selector resolved to hidden <a data-action="update" class="a-button-text" href=…>…</a>
attempting hover action
  waiting for element to be visible and stable
    element is not visible - waiting...
============================================================
    at ProgressController.run (/private/var/folders/l2/9v56c6v154x82mybr69_ksnc0000gn/T/playwright-java-8824228509888362309/package/lib/server/progress.js:96:26)
    at Frame.hover (/private/var/folders/l2/9v56c6v154x82mybr69_ksnc0000gn/T/playwright-java-8824228509888362309/package/lib/server/frames.js:1207:23)
    at FrameDispatcher.hover (/private/var/folders/l2/9v56c6v154x82mybr69_ksnc0000gn/T/playwright-java-8824228509888362309/package/lib/dispatchers/frameDispatcher.js:252:30)
    at DispatcherConnection.dispatch (/private/var/folders/l2/9v56c6v154x82mybr69_ksnc0000gn/T/playwright-java-8824228509888362309/package/lib/dispatchers/dispatcher.js:352:46)
}
at com.microsoft.playwright.impl.Connection.dispatch(Connection.java:226)
at com.microsoft.playwright.impl.Connection.processOneMessage(Connection.java:208)
at com.microsoft.playwright.impl.ChannelOwner.runUntil(ChannelOwner.java:101)
... 40 more
]]>
            </full-stacktrace>
          </exception> <!-- com.microsoft.playwright.TimeoutError -->
          <reporter-output>
          </reporter-output>
        </test-method> <!-- searchforParticularItem -->
        <test-method signature="searchforParticularItem(java.lang.String,java.lang.String,java.lang.String,java.lang.String)[pri:2, instance:com.sample.tests.HomePageTest@6f96c77]" started-at="2022-06-06T20:25:13 IST" name="searchforParticularItem" data-provider="getCRMTestData" finished-at="2022-06-06T20:26:38 IST" duration-ms="85751" status="PASS">
          <params>
            <param index="0">
              <value>
                <![CDATA[iPhone 13 mini]]>
              </value>
            </param>
            <param index="1">
              <value>
                <![CDATA[iPhone]]>
              </value>
            </param>
            <param index="2">
              <value>
                <![CDATA[128GB]]>
              </value>
            </param>
            <param index="3">
              <value>
                <![CDATA[Starlight]]>
              </value>
            </param>
          </params>
          <reporter-output>
          </reporter-output>
        </test-method> <!-- searchforParticularItem -->
        <test-method signature="verifyItemAddedToCart(java.lang.String,java.lang.String,java.lang.String,java.lang.String)[pri:4, instance:com.sample.tests.HomePageTest@6f96c77]" started-at="2022-06-06T20:26:39 IST" name="verifyItemAddedToCart" data-provider="getCRMTestData" finished-at="2022-06-06T20:26:51 IST" duration-ms="12762" status="PASS">
          <params>
            <param index="0">
              <value>
                <![CDATA[ifb washing machine]]>
              </value>
            </param>
            <param index="1">
              <value>
                <![CDATA[IFB]]>
              </value>
            </param>
            <param index="2">
              <value>
                <![CDATA[8 Kg]]>
              </value>
            </param>
            <param index="3">
              <value>
                <![CDATA[5 Star]]>
              </value>
            </param>
          </params>
          <reporter-output>
          </reporter-output>
        </test-method> <!-- verifyItemAddedToCart -->
        <test-method signature="verifyItemAddedToCart(java.lang.String,java.lang.String,java.lang.String,java.lang.String)[pri:4, instance:com.sample.tests.HomePageTest@6f96c77]" started-at="2022-06-06T20:26:51 IST" name="verifyItemAddedToCart" data-provider="getCRMTestData" finished-at="2022-06-06T20:27:04 IST" duration-ms="12828" status="PASS">
          <params>
            <param index="0">
              <value>
                <![CDATA[iPhone 13 mini]]>
              </value>
            </param>
            <param index="1">
              <value>
                <![CDATA[iPhone]]>
              </value>
            </param>
            <param index="2">
              <value>
                <![CDATA[128GB]]>
              </value>
            </param>
            <param index="3">
              <value>
                <![CDATA[Starlight]]>
              </value>
            </param>
          </params>
          <reporter-output>
          </reporter-output>
        </test-method> <!-- verifyItemAddedToCart -->
        <test-method is-config="true" signature="browserClose()[pri:0, instance:com.sample.tests.HomePageTest@6f96c77]" started-at="2022-06-06T20:27:04 IST" name="browserClose" finished-at="2022-06-06T20:27:51 IST" duration-ms="46697" status="PASS">
          <reporter-output>
          </reporter-output>
        </test-method> <!-- browserClose -->
      </class> <!-- com.sample.tests.HomePageTest -->
    </test> <!-- Default test -->
  </suite> <!-- Default suite -->
</testng-results>
