<?xml version="1.0" encoding="UTF-8"?>
<testng-results ignored="0" total="2" passed="2" failed="0" skipped="0">
  <reporter-output>
  </reporter-output>
  <suite started-at="2022-05-20T17:44:46 IST" name="Default suite" finished-at="2022-05-20T17:45:32 IST" duration-ms="45975">
    <groups>
    </groups>
    <test started-at="2022-05-20T17:44:46 IST" name="Default test" finished-at="2022-05-20T17:45:32 IST" duration-ms="45975">
      <class name="com.crm.qa.testcases.LoginPageTest">
        <test-method is-config="true" signature="setUp()[pri:0, instance:com.crm.qa.testcases.LoginPageTest@2fd6b6c7]" started-at="2022-05-20T17:44:46 IST" name="setUp" finished-at="2022-05-20T17:44:46 IST" duration-ms="3" status="PASS">
          <reporter-output>
          </reporter-output>
        </test-method> <!-- setUp -->
        <test-method signature="loginPageTitleTest()[pri:1, instance:com.crm.qa.testcases.LoginPageTest@2fd6b6c7]" started-at="2022-05-20T17:44:46 IST" name="loginPageTitleTest" finished-at="2022-05-20T17:45:32 IST" duration-ms="45928" status="PASS">
          <reporter-output>
          </reporter-output>
        </test-method> <!-- loginPageTitleTest -->
        <test-method is-config="true" signature="tearDown()[pri:0, instance:com.crm.qa.testcases.LoginPageTest@2fd6b6c7]" started-at="2022-05-20T17:45:32 IST" name="tearDown" finished-at="2022-05-20T17:45:32 IST" duration-ms="1" status="PASS">
          <reporter-output>
          </reporter-output>
        </test-method> <!-- tearDown -->
        <test-method is-config="true" signature="setUp()[pri:0, instance:com.crm.qa.testcases.LoginPageTest@2fd6b6c7]" started-at="2022-05-20T17:45:32 IST" name="setUp" finished-at="2022-05-20T17:45:32 IST" duration-ms="0" status="PASS">
          <reporter-output>
          </reporter-output>
        </test-method> <!-- setUp -->
        <test-method signature="tearDown()[pri:2, instance:com.crm.qa.testcases.LoginPageTest@2fd6b6c7]" started-at="2022-05-20T17:45:32 IST" name="tearDown" finished-at="2022-05-20T17:45:32 IST" duration-ms="2" status="PASS">
          <reporter-output>
          </reporter-output>
        </test-method> <!-- tearDown -->
        <test-method is-config="true" signature="tearDown()[pri:0, instance:com.crm.qa.testcases.LoginPageTest@2fd6b6c7]" started-at="2022-05-20T17:45:32 IST" name="tearDown" finished-at="2022-05-20T17:45:32 IST" duration-ms="1" status="PASS">
          <reporter-output>
          </reporter-output>
        </test-method> <!-- tearDown -->
      </class> <!-- com.crm.qa.testcases.LoginPageTest -->
    </test> <!-- Default test -->
  </suite> <!-- Default suite -->
</testng-results>
